INFO  de.twenty11.skysail.server.app.SkysailRootApplication - Instanciating new Skysail Application 'SkysailRootApplication'
INFO  de.twenty11.skysail.server.app.ApplicationList -  >>> new application 'root' registered <<<
INFO  d.t.skysail.server.core.restlet.SkysailConverterHelper - initializing new converter 'ServerSentEventsConverter' with typesMatch '{text/event-stream=1.0}'
INFO  d.t.skysail.server.core.restlet.SkysailConverterHelper - initializing new converter 'SHtmlConverter' with typesMatch '{shtml/*=1.0}'
INFO  d.t.skysail.server.core.restlet.SkysailConverterHelper - initializing new converter 'TreeFormConverter' with typesMatch '{treeform/*=1.0}'
INFO  d.t.skysail.server.core.restlet.SkysailConverterHelper - initializing new converter 'BootstrapHtmlConverter' with typesMatch '{htmlform/*=0.9, text/html=0.9}'
INFO  d.t.skysail.server.config.ServerConfigurationImpl - adding configuration provider de.twenty11.skysail.config.systemproperties.TestsetupConfigurationProvider@11acdc30
INFO  de.twenty11.skysail.server.http.HttpServer - setting configadmin in Skysail Configuration
INFO  de.twenty11.skysail.server.http.HttpServer - setting ServerConfiguration in Skysail Configuration
INFO  de.twenty11.skysail.server.http.HttpServer - Activating de.twenty11.skysail.server.http.HttpServer
INFO  de.twenty11.skysail.server.http.HttpServer - Starting component for Skysail...
INFO  de.twenty11.skysail.server.http.HttpServer - port was configured on 2016
INFO  de.twenty11.skysail.server.http.HttpServer - 
INFO  de.twenty11.skysail.server.http.HttpServer - ====================================
INFO  de.twenty11.skysail.server.http.HttpServer - Starting skysail server on port 2016
INFO  de.twenty11.skysail.server.http.HttpServer - ====================================
INFO  de.twenty11.skysail.server.http.HttpServer - 
INFO  de.twenty11.skysail.server.SkysailComponent - Creating Restlet Component: de.twenty11.skysail.server.SkysailComponent
INFO  de.twenty11.skysail.server.http.SwarmClient - checking 'peers' configuration to connect to swarm servers...
INFO  de.twenty11.skysail.server.http.SwarmClient - no peers found, not connecting to any swarm server.
INFO  de.twenty11.skysail.server.security.shiro.ShiroServices - initializing ShiroServices
INFO  de.twenty11.skysail.server.security.shiro.ShiroServices - creating new SkysailAuthorizingRealm...
INFO  de.twenty11.skysail.server.security.shiro.ShiroServices - setting datasource...
INFO  de.twenty11.skysail.server.security.shiro.ShiroServices - Creating new SkysailWebSecurityManager...
INFO  d.t.s.s.s.shiro.session.mgt.SkysailWebSessionManager - creating new SkysailWebSessionManager
INFO  de.twenty11.skysail.server.security.shiro.ShiroServices - Setting new SkysailWebSecurityManager as Shiros SecurityManager
INFO  de.twenty11.skysail.server.config.DbSetup - adding dbSetup for PU 'UserManagementPU'
INFO  d.t.skysail.server.webapp.internal.WebappApplication - Instanciating new Skysail Application 'WebappApplication'
INFO  d.t.skysail.server.webapp.internal.WebappApplication - Activating Application de.twenty11.skysail.server.webapp.internal.WebappApplication
INFO  de.twenty11.skysail.server.app.ApplicationList -  >>> new application 'static' registered <<<
INFO  de.twenty11.skysail.server.config.DbSetup - migrating PU UserManagementPU as it has no dependencies
INFO  de.twenty11.skysail.server.config.DbSetup - running migration of PU 'UserManagementPU'
INFO  de.twenty11.skysail.client.cli.test.TestBase - waiting for appContext to become available #0
INFO  de.twenty11.skysail.client.cli.test.TestBase - waiting for appContext to become available #1
INFO  de.twenty11.skysail.server.config.DbSetup - processed Persistence Units now are: '[UserManagementPU]'
INFO  de.twenty11.skysail.server.um.UserManagementApplication - Instanciating new Skysail Application 'UserManagementApplication'
INFO  de.twenty11.skysail.server.um.UserManagementApplication - Activating Application de.twenty11.skysail.server.um.UserManagementApplication
INFO  de.twenty11.skysail.server.app.ApplicationList -  >>> new application 'usermanagement' registered <<<
INFO  de.twenty11.skysail.server.app.SkysailRootApplication - Authorization service was set to 'UserManagementApplication' for application 'root'
INFO  d.t.skysail.server.webapp.internal.WebappApplication - Authorization service was set to 'UserManagementApplication' for application 'static'
INFO  de.twenty11.skysail.server.um.UserManagementApplication - Authorization service was set to 'UserManagementApplication' for application 'usermanagement'
INFO  de.twenty11.skysail.server.app.ApplicationList - 
INFO  de.twenty11.skysail.server.app.ApplicationList - ==================================================
INFO  de.twenty11.skysail.server.app.ApplicationList -  >>> attaching application 'root' <<<
INFO  de.twenty11.skysail.server.app.ApplicationList -  >>> setting ServerConfiguration
INFO  de.twenty11.skysail.server.app.ApplicationList -  >>> attaching skysailApplication '/root' to defaultHost
INFO  de.twenty11.skysail.server.app.ApplicationList - ==================================================
INFO  de.twenty11.skysail.server.app.ApplicationList - 
INFO  de.twenty11.skysail.server.app.ApplicationList - ==================================================
INFO  de.twenty11.skysail.server.app.ApplicationList -  >>> attaching application 'static' <<<
INFO  de.twenty11.skysail.server.app.ApplicationList -  >>> setting ServerConfiguration
INFO  de.twenty11.skysail.server.app.ApplicationList -  >>> attaching skysailApplication '/static' to defaultHost
INFO  de.twenty11.skysail.server.app.ApplicationList - ==================================================
INFO  de.twenty11.skysail.server.app.ApplicationList - 
INFO  de.twenty11.skysail.server.app.ApplicationList - ==================================================
INFO  de.twenty11.skysail.server.app.ApplicationList -  >>> attaching application 'usermanagement' <<<
INFO  de.twenty11.skysail.server.app.ApplicationList -  >>> setting ServerConfiguration
INFO  de.twenty11.skysail.server.app.ApplicationList -  >>> attaching skysailApplication '/usermanagement' to defaultHost
INFO  de.twenty11.skysail.server.app.ApplicationList - ==================================================
INFO  de.twenty11.skysail.server.app.SkysailRootApplication - Authorization service was set to 'UserManagementApplication' for application 'root'
INFO  d.t.skysail.server.webapp.internal.WebappApplication - Authorization service was set to 'UserManagementApplication' for application 'static'
INFO  de.twenty11.skysail.server.um.UserManagementApplication - Authorization service was set to 'UserManagementApplication' for application 'usermanagement'
INFO  de.twenty11.skysail.server.app.SkysailRootApplication - Favorites service was set to null for application 'root'
INFO  d.t.skysail.server.webapp.internal.WebappApplication - Favorites service was set to null for application 'static'
INFO  de.twenty11.skysail.server.um.UserManagementApplication - Favorites service was set to null for application 'usermanagement'
INFO  de.twenty11.skysail.server.app.SkysailRootApplication - Translation service was set to null for application 'root'
INFO  d.t.skysail.server.webapp.internal.WebappApplication - Translation service was set to null for application 'static'
INFO  de.twenty11.skysail.server.um.UserManagementApplication - Translation service was set to null for application 'usermanagement'
INFO  de.twenty11.skysail.server.app.SkysailRootApplication - Metrics service was set to null for application 'root'
INFO  d.t.skysail.server.webapp.internal.WebappApplication - Metrics service was set to null for application 'static'
INFO  de.twenty11.skysail.server.um.UserManagementApplication - Metrics service was set to null for application 'usermanagement'
INFO  de.twenty11.skysail.server.app.SkysailRootApplication - setting hookfilters to application 'root'
INFO  d.t.skysail.server.webapp.internal.WebappApplication - setting hookfilters to application 'static'
INFO  de.twenty11.skysail.server.um.UserManagementApplication - setting hookfilters to application 'usermanagement'
INFO  de.twenty11.skysail.client.cli.test.TestBase - waiting for appContext to become available #2
INFO  de.twenty11.skysail.client.cli.test.TestBase - found appContext...
INFO  de.twenty11.skysail.client.cli.test.ScriptTests - 
INFO  de.twenty11.skysail.client.cli.test.ScriptTests - ------------------------------------------------------------------------------------------------------------------------------
INFO  de.twenty11.skysail.client.cli.test.ScriptTests - --- executing test '/Users/carsten/git/skysail-clients/skysail.client.test/resources/largetests/contentTypes/default.test' ---
INFO  de.twenty11.skysail.client.cli.test.ScriptTests - ------------------------------------------------------------------------------------------------------------------------------
INFO  de.twenty11.skysail.client.cli.test.ScriptTests - 
INFO  de.twenty11.skysail.client.cli.test.ScriptTests - ***** executing: get
INFO  de.twenty11.skysail.server.app.SkysailRootApplication - creating new Router in de.twenty11.skysail.server.app.SkysailRootApplication
INFO  de.twenty11.skysail.server.app.SkysailRootApplication - adding extensions to metadata service
INFO  de.twenty11.skysail.server.app.SkysailRootApplication - adding protocols
DEBUG de.twenty11.skysail.server.app.SkysailRootApplication - attaching application-specific routes
DEBUG de.twenty11.skysail.server.app.SkysailRootApplication - creating blocker...
DEBUG de.twenty11.skysail.server.app.SkysailRootApplication - creating tracer...
DEBUG de.twenty11.skysail.server.app.SkysailRootApplication - creating original request filter...
DEBUG de.twenty11.skysail.server.app.SkysailRootApplication - determining authentication service...
DEBUG de.twenty11.skysail.server.app.SkysailRootApplication - setting authenticationGuard from authentication service
INFO  de.twenty11.skysail.server.um.UserManagementApplication - creating new Router in de.twenty11.skysail.server.um.UserManagementApplication
INFO  de.twenty11.skysail.server.um.UserManagementApplication - adding extensions to metadata service
INFO  de.twenty11.skysail.server.um.UserManagementApplication - adding protocols
DEBUG de.twenty11.skysail.server.um.UserManagementApplication - attaching application-specific routes
INFO  de.twenty11.skysail.server.core.restlet.SkysailRouter - routing path '' -> 'de.twenty11.skysail.server.security.AuthenticatedAuthorizer@7c02fc5b'
INFO  de.twenty11.skysail.server.core.restlet.SkysailRouter - routing path '/' -> 'de.twenty11.skysail.server.security.AuthenticatedAuthorizer@24734443'
INFO  de.twenty11.skysail.server.core.restlet.SkysailRouter - routing path '/api' -> 'de.twenty11.skysail.server.security.AuthenticatedAuthorizer@1a91d852'
INFO  de.twenty11.skysail.server.core.restlet.SkysailRouter - routing path '/entities' -> 'de.twenty11.skysail.server.security.AuthenticatedAuthorizer@4a60fdc5'
INFO  de.twenty11.skysail.server.core.restlet.SkysailRouter - routing path '/entities/{name}' -> 'de.twenty11.skysail.server.security.AuthenticatedAuthorizer@60c8e85c'
INFO  de.twenty11.skysail.server.core.restlet.SkysailRouter - routing path '/roles' -> 'de.twenty11.skysail.server.security.AuthenticatedAuthorizer@f126367'
INFO  de.twenty11.skysail.server.core.restlet.SkysailRouter - routing path '/currentUser' -> Restlet 'Class'
INFO  de.twenty11.skysail.server.core.restlet.SkysailRouter - routing path '/users' -> 'de.twenty11.skysail.server.security.AuthenticatedAuthorizer@630ced8e'
INFO  de.twenty11.skysail.server.core.restlet.SkysailRouter - routing path '/users/' -> 'de.twenty11.skysail.server.security.AuthenticatedAuthorizer@337d1834'
INFO  de.twenty11.skysail.server.core.restlet.SkysailRouter - routing path '/users/{username}' -> 'de.twenty11.skysail.server.security.AuthenticatedAuthorizer@67c72ca2'
INFO  de.twenty11.skysail.server.core.restlet.SkysailRouter - routing path '/users/{username}/groups' -> 'de.twenty11.skysail.server.security.AuthenticatedAuthorizer@41841406'
INFO  de.twenty11.skysail.server.core.restlet.SkysailRouter - routing path '/users/{username}/password/' -> 'de.twenty11.skysail.server.security.AuthenticatedAuthorizer@589b2b57'
INFO  de.twenty11.skysail.server.core.restlet.SkysailRouter - routing path '/groups' -> 'de.twenty11.skysail.server.security.AuthenticatedAuthorizer@4845d727'
INFO  de.twenty11.skysail.server.core.restlet.SkysailRouter - routing path '/groups/' -> 'de.twenty11.skysail.server.security.AuthenticatedAuthorizer@4080dd33'
INFO  de.twenty11.skysail.server.core.restlet.SkysailRouter - routing path '/groups/{group}' -> 'de.twenty11.skysail.server.security.AuthenticatedAuthorizer@4a1d8400'
INFO  de.twenty11.skysail.server.core.restlet.SkysailRouter - routing path '/registrations/' -> Restlet 'Class'
INFO  de.twenty11.skysail.server.core.restlet.SkysailRouter - routing path '/registrations/{registrationId}' -> Restlet 'ConfirmationRedirector'
INFO  de.twenty11.skysail.server.core.restlet.SkysailRouter - routing path '/registrations/{registrationId}/confirmation/' -> Restlet 'Class'
DEBUG de.twenty11.skysail.server.um.UserManagementApplication - creating blocker...
DEBUG de.twenty11.skysail.server.um.UserManagementApplication - creating tracer...
DEBUG de.twenty11.skysail.server.um.UserManagementApplication - creating original request filter...
DEBUG de.twenty11.skysail.server.um.UserManagementApplication - determining authentication service...
DEBUG de.twenty11.skysail.server.um.UserManagementApplication - setting authenticationGuard from authentication service
DEBUG de.twenty11.skysail.server.resources.DefaultResource - instanciation of DefaultResource
INFO  de.twenty11.skysail.server.resources.DefaultResource - calling getEntities, media types '[*/*:1.0]'
DEBUG d.t.s.s.core.restlet.filter.ExceptionCatchingFilter - entering ExceptionCatchingFilter#doHandle
DEBUG d.t.s.s.core.restlet.filter.ExceptionCatchingFilter - entering DataExtractingFilter#doHandle
DEBUG org.apache.shiro.web.mgt.CookieRememberMeManager - SubjectContext argument is not an HTTP-aware instance.  This is required to obtain a servlet request and response in order to retrieve the rememberMe cookie. Returning immediately and ignoring rememberMe operation.
INFO  de.twenty11.skysail.client.cli.test.ScriptTests - ***** executing: assert --status 200
INFO  de.twenty11.skysail.client.cli.test.ScriptTests - ***** executing: assert --header Content-Type=application/json;\ charset=UTF-8
INFO  de.twenty11.skysail.client.cli.test.ScriptTests - 
INFO  de.twenty11.skysail.client.cli.test.ScriptTests - ---------------------------------------------------------------------------------------------------------------------------
INFO  de.twenty11.skysail.client.cli.test.ScriptTests - --- executing test '/Users/carsten/git/skysail-clients/skysail.client.test/resources/largetests/contentTypes/html.test' ---
INFO  de.twenty11.skysail.client.cli.test.ScriptTests - ---------------------------------------------------------------------------------------------------------------------------
INFO  de.twenty11.skysail.client.cli.test.ScriptTests - 
INFO  de.twenty11.skysail.client.cli.test.ScriptTests - ***** executing: setHeader Accept=text/html
INFO  de.twenty11.skysail.client.cli.test.ScriptTests - ***** executing: get
DEBUG de.twenty11.skysail.server.resources.DefaultResource - instanciation of DefaultResource
INFO  de.twenty11.skysail.server.resources.DefaultResource - calling getEntities, media types '[text/html:1.0]'
DEBUG d.t.s.s.core.restlet.filter.ExceptionCatchingFilter - entering ExceptionCatchingFilter#doHandle
DEBUG d.t.s.s.core.restlet.filter.ExceptionCatchingFilter - entering DataExtractingFilter#doHandle
DEBUG org.apache.shiro.web.mgt.CookieRememberMeManager - SubjectContext argument is not an HTTP-aware instance.  This is required to obtain a servlet request and response in order to retrieve the rememberMe cookie. Returning immediately and ignoring rememberMe operation.
INFO  d.t.skysail.server.core.restlet.SkysailConverterHelper - converter 'BootstrapHtmlConverter' matched '{htmlform/*=0.9, text/html=0.9}' with threshold 0.9
INFO  d.t.s.s.c.r.c.internal.AbstractHtmlCreatingStrategy - Trying location DefaultResource.stg in Bundle skysail.server
INFO  d.t.s.s.c.r.c.internal.AbstractHtmlCreatingStrategy - Trying location ListServerResource.stg in Bundle skysail.server
INFO  de.twenty11.skysail.client.cli.test.ScriptTests - ***** executing: assert --status 200
INFO  de.twenty11.skysail.client.cli.test.ScriptTests - ***** executing: assert --header Content-Type=text/html;\ charset=UTF-8
INFO  de.twenty11.skysail.client.cli.test.ScriptTests - 
INFO  de.twenty11.skysail.client.cli.test.ScriptTests - ---------------------------------------------------------------------------------------------------------------------------
INFO  de.twenty11.skysail.client.cli.test.ScriptTests - --- executing test '/Users/carsten/git/skysail-clients/skysail.client.test/resources/largetests/contentTypes/json.test' ---
INFO  de.twenty11.skysail.client.cli.test.ScriptTests - ---------------------------------------------------------------------------------------------------------------------------
INFO  de.twenty11.skysail.client.cli.test.ScriptTests - 
INFO  de.twenty11.skysail.client.cli.test.ScriptTests - ***** executing: setHeader Accept=application/json
INFO  de.twenty11.skysail.client.cli.test.ScriptTests - ***** executing: get
DEBUG de.twenty11.skysail.server.resources.DefaultResource - instanciation of DefaultResource
INFO  de.twenty11.skysail.server.resources.DefaultResource - calling getEntities, media types '[application/json:1.0]'
DEBUG d.t.s.s.core.restlet.filter.ExceptionCatchingFilter - entering ExceptionCatchingFilter#doHandle
DEBUG d.t.s.s.core.restlet.filter.ExceptionCatchingFilter - entering DataExtractingFilter#doHandle
DEBUG org.apache.shiro.web.mgt.CookieRememberMeManager - SubjectContext argument is not an HTTP-aware instance.  This is required to obtain a servlet request and response in order to retrieve the rememberMe cookie. Returning immediately and ignoring rememberMe operation.
INFO  de.twenty11.skysail.client.cli.test.ScriptTests - ***** executing: assert --status 200
INFO  de.twenty11.skysail.client.cli.test.ScriptTests - ***** executing: assert --header Content-Type=application/json;\ charset=UTF-8
INFO  de.twenty11.skysail.client.cli.test.ScriptTests - 
INFO  de.twenty11.skysail.client.cli.test.ScriptTests - -----------------------------------------------------------------------------------------------------------------
INFO  de.twenty11.skysail.client.cli.test.ScriptTests - --- executing test '/Users/carsten/git/skysail-clients/skysail.client.test/resources/largetests/version.test' ---
INFO  de.twenty11.skysail.client.cli.test.ScriptTests - -----------------------------------------------------------------------------------------------------------------
INFO  de.twenty11.skysail.client.cli.test.ScriptTests - 
INFO  de.twenty11.skysail.client.cli.test.ScriptTests - ***** executing: setHeader --Accept=application/json
INFO  de.twenty11.skysail.client.cli.test.ScriptTests - ***** executing: get
DEBUG de.twenty11.skysail.server.resources.DefaultResource - instanciation of DefaultResource
INFO  de.twenty11.skysail.server.resources.DefaultResource - calling getEntities, media types '[application/json:1.0]'
DEBUG d.t.s.s.core.restlet.filter.ExceptionCatchingFilter - entering ExceptionCatchingFilter#doHandle
DEBUG d.t.s.s.core.restlet.filter.ExceptionCatchingFilter - entering DataExtractingFilter#doHandle
DEBUG org.apache.shiro.web.mgt.CookieRememberMeManager - SubjectContext argument is not an HTTP-aware instance.  This is required to obtain a servlet request and response in order to retrieve the rememberMe cookie. Returning immediately and ignoring rememberMe operation.
