ERROR de.twenty11.skysail.server.http.HttpServer - Exception when starting standalone server trying to parse provided port (2016)
java.net.BindException: Address already in use: bind
	at sun.nio.ch.Net.bind0(Native Method) ~[na:1.8.0]
	at sun.nio.ch.Net.bind(Net.java:414) ~[na:1.8.0]
	at sun.nio.ch.Net.bind(Net.java:406) ~[na:1.8.0]
	at sun.nio.ch.ServerSocketChannelImpl.bind(ServerSocketChannelImpl.java:214) ~[na:1.8.0]
	at sun.nio.ch.ServerSocketAdaptor.bind(ServerSocketAdaptor.java:74) ~[na:1.8.0]
	at sun.nio.ch.ServerSocketAdaptor.bind(ServerSocketAdaptor.java:67) ~[na:1.8.0]
	at org.restlet.engine.connector.ServerConnectionHelper.createServerSocketChannel(ServerConnectionHelper.java:158) ~[na:na]
	at org.restlet.engine.connector.ServerConnectionHelper.start(ServerConnectionHelper.java:320) ~[na:na]
	at org.restlet.Server.start(Server.java:590) ~[na:na]
	at de.twenty11.skysail.server.http.HttpServer.activate(HttpServer.java:104) ~[na:na]
	at sun.reflect.NativeMethodAccessorImpl.invoke0(Native Method) ~[na:1.8.0]
	at sun.reflect.NativeMethodAccessorImpl.invoke(NativeMethodAccessorImpl.java:62) ~[na:1.8.0]
	at sun.reflect.DelegatingMethodAccessorImpl.invoke(DelegatingMethodAccessorImpl.java:43) ~[na:1.8.0]
	at java.lang.reflect.Method.invoke(Method.java:483) ~[na:1.8.0]
	at org.apache.felix.scr.impl.helper.BaseMethod.invokeMethod(BaseMethod.java:236) [org.apache.felix.scr-1.6.2.jar:na]
	at org.apache.felix.scr.impl.helper.BaseMethod.access$500(BaseMethod.java:37) [org.apache.felix.scr-1.6.2.jar:na]
	at org.apache.felix.scr.impl.helper.BaseMethod$Resolved.invoke(BaseMethod.java:613) [org.apache.felix.scr-1.6.2.jar:na]
	at org.apache.felix.scr.impl.helper.BaseMethod.invoke(BaseMethod.java:496) [org.apache.felix.scr-1.6.2.jar:na]
	at org.apache.felix.scr.impl.helper.ActivateMethod.invoke(ActivateMethod.java:149) [org.apache.felix.scr-1.6.2.jar:na]
	at org.apache.felix.scr.impl.manager.ImmediateComponentManager.createImplementationObject(ImmediateComponentManager.java:239) [org.apache.felix.scr-1.6.2.jar:na]
	at org.apache.felix.scr.impl.manager.ImmediateComponentManager.createComponent(ImmediateComponentManager.java:119) [org.apache.felix.scr-1.6.2.jar:na]
	at org.apache.felix.scr.impl.manager.AbstractComponentManager$Unsatisfied.activate(AbstractComponentManager.java:1518) [org.apache.felix.scr-1.6.2.jar:na]
	at org.apache.felix.scr.impl.manager.AbstractComponentManager.activateInternal(AbstractComponentManager.java:550) [org.apache.felix.scr-1.6.2.jar:na]
	at org.apache.felix.scr.impl.manager.DependencyManager.serviceAdded(DependencyManager.java:333) [org.apache.felix.scr-1.6.2.jar:na]
	at org.apache.felix.scr.impl.manager.DependencyManager.serviceChanged(DependencyManager.java:159) [org.apache.felix.scr-1.6.2.jar:na]
	at org.apache.felix.framework.util.EventDispatcher.invokeServiceListenerCallback(EventDispatcher.java:943) [org.apache.felix.framework-4.4.0.jar:na]
	at org.apache.felix.framework.util.EventDispatcher.fireEventImmediately(EventDispatcher.java:794) [org.apache.felix.framework-4.4.0.jar:na]
	at org.apache.felix.framework.util.EventDispatcher.fireServiceEvent(EventDispatcher.java:544) [org.apache.felix.framework-4.4.0.jar:na]
	at org.apache.felix.framework.Felix.fireServiceEvent(Felix.java:4425) [org.apache.felix.framework-4.4.0.jar:na]
	at org.apache.felix.framework.Felix.registerService(Felix.java:3429) [org.apache.felix.framework-4.4.0.jar:na]
	at org.apache.felix.framework.BundleContextImpl.registerService(BundleContextImpl.java:346) [org.apache.felix.framework-4.4.0.jar:na]
	at org.apache.felix.scr.impl.manager.AbstractComponentManager.registerService(AbstractComponentManager.java:660) [org.apache.felix.scr-1.6.2.jar:na]
	at org.apache.felix.scr.impl.manager.AbstractComponentManager.registerService(AbstractComponentManager.java:644) [org.apache.felix.scr-1.6.2.jar:na]
	at org.apache.felix.scr.impl.manager.AbstractComponentManager.registerComponentService(AbstractComponentManager.java:688) [org.apache.felix.scr-1.6.2.jar:na]
	at org.apache.felix.scr.impl.manager.AbstractComponentManager$Unsatisfied.activate(AbstractComponentManager.java:1481) [org.apache.felix.scr-1.6.2.jar:na]
	at org.apache.felix.scr.impl.manager.AbstractComponentManager.activateInternal(AbstractComponentManager.java:550) [org.apache.felix.scr-1.6.2.jar:na]
	at org.apache.felix.scr.impl.manager.DependencyManager.serviceAdded(DependencyManager.java:333) [org.apache.felix.scr-1.6.2.jar:na]
	at org.apache.felix.scr.impl.manager.DependencyManager.serviceChanged(DependencyManager.java:159) [org.apache.felix.scr-1.6.2.jar:na]
	at org.apache.felix.framework.util.EventDispatcher.invokeServiceListenerCallback(EventDispatcher.java:943) [org.apache.felix.framework-4.4.0.jar:na]
	at org.apache.felix.framework.util.EventDispatcher.fireEventImmediately(EventDispatcher.java:794) [org.apache.felix.framework-4.4.0.jar:na]
	at org.apache.felix.framework.util.EventDispatcher.fireServiceEvent(EventDispatcher.java:544) [org.apache.felix.framework-4.4.0.jar:na]
	at org.apache.felix.framework.Felix.fireServiceEvent(Felix.java:4425) [org.apache.felix.framework-4.4.0.jar:na]
	at org.apache.felix.framework.Felix.registerService(Felix.java:3429) [org.apache.felix.framework-4.4.0.jar:na]
	at org.apache.felix.framework.BundleContextImpl.registerService(BundleContextImpl.java:346) [org.apache.felix.framework-4.4.0.jar:na]
	at org.apache.felix.scr.impl.manager.AbstractComponentManager.registerService(AbstractComponentManager.java:660) [org.apache.felix.scr-1.6.2.jar:na]
	at org.apache.felix.scr.impl.manager.AbstractComponentManager.registerService(AbstractComponentManager.java:644) [org.apache.felix.scr-1.6.2.jar:na]
	at org.apache.felix.scr.impl.manager.AbstractComponentManager.registerComponentService(AbstractComponentManager.java:688) [org.apache.felix.scr-1.6.2.jar:na]
	at org.apache.felix.scr.impl.manager.AbstractComponentManager$Unsatisfied.activate(AbstractComponentManager.java:1481) [org.apache.felix.scr-1.6.2.jar:na]
	at org.apache.felix.scr.impl.manager.AbstractComponentManager.activateInternal(AbstractComponentManager.java:550) [org.apache.felix.scr-1.6.2.jar:na]
	at org.apache.felix.scr.impl.manager.AbstractComponentManager.enable(AbstractComponentManager.java:261) [org.apache.felix.scr-1.6.2.jar:na]
	at org.apache.felix.scr.impl.config.ImmediateComponentHolder.enableComponents(ImmediateComponentHolder.java:328) [org.apache.felix.scr-1.6.2.jar:na]
	at org.apache.felix.scr.impl.BundleComponentActivator.initialize(BundleComponentActivator.java:158) [org.apache.felix.scr-1.6.2.jar:na]
	at org.apache.felix.scr.impl.BundleComponentActivator.<init>(BundleComponentActivator.java:113) [org.apache.felix.scr-1.6.2.jar:na]
	at org.apache.felix.scr.impl.Activator.loadComponents(Activator.java:261) [org.apache.felix.scr-1.6.2.jar:na]
	at org.apache.felix.scr.impl.Activator.bundleChanged(Activator.java:179) [org.apache.felix.scr-1.6.2.jar:na]
	at org.apache.felix.framework.util.EventDispatcher.invokeBundleListenerCallback(EventDispatcher.java:869) [org.apache.felix.framework-4.4.0.jar:na]
	at org.apache.felix.framework.util.EventDispatcher.fireEventImmediately(EventDispatcher.java:790) [org.apache.felix.framework-4.4.0.jar:na]
	at org.apache.felix.framework.util.EventDispatcher.fireBundleEvent(EventDispatcher.java:515) [org.apache.felix.framework-4.4.0.jar:na]
	at org.apache.felix.framework.Felix.fireBundleEvent(Felix.java:4409) [org.apache.felix.framework-4.4.0.jar:na]
	at org.apache.felix.framework.Felix.startBundle(Felix.java:2098) [org.apache.felix.framework-4.4.0.jar:na]
	at org.apache.felix.framework.BundleImpl.start(BundleImpl.java:976) [org.apache.felix.framework-4.4.0.jar:na]
	at aQute.launcher.Launcher.update(Launcher.java:386) [biz.aQute.launcher-latest.jar:na]
	at aQute.launcher.Launcher.activate(Launcher.java:310) [biz.aQute.launcher-latest.jar:na]
	at aQute.launcher.Launcher.run(Launcher.java:199) [biz.aQute.launcher-latest.jar:na]
	at aQute.launcher.Launcher.main(Launcher.java:90) [biz.aQute.launcher-latest.jar:na]
