2014-09-04 13:51:08,347 WARN  [Thread-1] org.springframework.context.support.GenericApplicationContext > Exception thrown from ApplicationListener handling ContextClosedEvent
java.lang.IllegalStateException: ApplicationEventMulticaster not initialized - call 'refresh' before multicasting events via the context: org.springframework.context.support.GenericApplicationContext@7f716083: startup date [Thu Sep 04 13:51:08 CEST 2014]; root of context hierarchy
	at org.springframework.context.support.AbstractApplicationContext.getApplicationEventMulticaster(AbstractApplicationContext.java:346)
	at org.springframework.context.support.AbstractApplicationContext.publishEvent(AbstractApplicationContext.java:333)
	at org.springframework.context.support.AbstractApplicationContext.doClose(AbstractApplicationContext.java:880)
	at org.springframework.context.support.AbstractApplicationContext$1.run(AbstractApplicationContext.java:809)
2014-09-04 13:51:08,349 WARN  [Thread-1] org.springframework.context.support.GenericApplicationContext > Exception thrown from LifecycleProcessor on context close
java.lang.IllegalStateException: LifecycleProcessor not initialized - call 'refresh' before invoking lifecycle methods via the context: org.springframework.context.support.GenericApplicationContext@7f716083: startup date [Thu Sep 04 13:51:08 CEST 2014]; root of context hierarchy
	at org.springframework.context.support.AbstractApplicationContext.getLifecycleProcessor(AbstractApplicationContext.java:359)
	at org.springframework.context.support.AbstractApplicationContext.doClose(AbstractApplicationContext.java:888)
	at org.springframework.context.support.AbstractApplicationContext$1.run(AbstractApplicationContext.java:809)
2014-09-04 14:01:06,016 WARN  [Thread-1] org.springframework.context.support.GenericApplicationContext > Exception thrown from ApplicationListener handling ContextClosedEvent
java.lang.IllegalStateException: ApplicationEventMulticaster not initialized - call 'refresh' before multicasting events via the context: org.springframework.context.support.GenericApplicationContext@5f205aa: startup date [Thu Sep 04 14:01:05 CEST 2014]; root of context hierarchy
	at org.springframework.context.support.AbstractApplicationContext.getApplicationEventMulticaster(AbstractApplicationContext.java:346)
	at org.springframework.context.support.AbstractApplicationContext.publishEvent(AbstractApplicationContext.java:333)
	at org.springframework.context.support.AbstractApplicationContext.doClose(AbstractApplicationContext.java:880)
	at org.springframework.context.support.AbstractApplicationContext$1.run(AbstractApplicationContext.java:809)
2014-09-04 14:01:06,017 WARN  [Thread-1] org.springframework.context.support.GenericApplicationContext > Exception thrown from LifecycleProcessor on context close
java.lang.IllegalStateException: LifecycleProcessor not initialized - call 'refresh' before invoking lifecycle methods via the context: org.springframework.context.support.GenericApplicationContext@5f205aa: startup date [Thu Sep 04 14:01:05 CEST 2014]; root of context hierarchy
	at org.springframework.context.support.AbstractApplicationContext.getLifecycleProcessor(AbstractApplicationContext.java:359)
	at org.springframework.context.support.AbstractApplicationContext.doClose(AbstractApplicationContext.java:888)
	at org.springframework.context.support.AbstractApplicationContext$1.run(AbstractApplicationContext.java:809)
