// Spring Shell 1.1.0.RELEASE log opened at 2014-09-04 13:40:34
help
quit
// Spring Shell 1.1.0.RELEASE log closed at 2014-09-04 13:40:43
// Spring Shell 1.1.0.RELEASE log opened at 2014-09-04 13:41:22
help
quit
// Spring Shell 1.1.0.RELEASE log closed at 2014-09-04 13:41:25
// Spring Shell 1.1.0.RELEASE log opened at 2014-09-04 13:48:44
help
quit
// Spring Shell 1.1.0.RELEASE log closed at 2014-09-04 13:49:35
// Spring Shell 1.1.0.RELEASE log opened at 2014-09-04 13:49:37
help
help
quit
// Spring Shell 1.1.0.RELEASE log closed at 2014-09-04 13:51:05
// Spring Shell 1.1.0.RELEASE log opened at 2014-09-04 13:53:28
help
quit
// Spring Shell 1.1.0.RELEASE log closed at 2014-09-04 13:59:18
// null 1.1.0.RELEASE log opened at 2014-09-05 13:10:24
date
// Spring Shell 1.1.0.RELEASE log opened at 2014-09-05 14:31:27
help
exit
// Spring Shell 1.1.0.RELEASE log closed at 2014-09-05 14:32:45
// Spring Shell 1.1.0.RELEASE log opened at 2014-09-05 14:32:47
help
exit
// Spring Shell 1.1.0.RELEASE log closed at 2014-09-05 14:34:54
// Spring Shell 1.1.0.RELEASE log opened at 2014-09-05 14:38:37
help
exit
// Spring Shell 1.1.0.RELEASE log closed at 2014-09-05 14:38:52
// Spring Shell 1.1.0.RELEASE log opened at 2014-09-05 14:38:53
help
exit
// Spring Shell 1.1.0.RELEASE log closed at 2014-09-05 14:40:27
// Spring Shell 1.1.0.RELEASE log opened at 2014-09-05 14:41:50
help
exit
// Spring Shell 1.1.0.RELEASE log closed at 2014-09-05 14:42:01
// Spring Shell 1.1.0.RELEASE log opened at 2014-09-05 14:42:05
help
pwd
get
